# JRE version: OpenJDK Runtime Environment (17.0.10) (build 17.0.10+0--11572160)
# Java VM: OpenJDK 64-Bit Server VM (17.0.10+0--11572160, mixed mode, tiered, compressed oops, compressed class ptrs, g1 gc, windows-amd64)
GC Precious Log:
 CPUs: 8 total, 8 available
 Memory: 16167M
 Large Page Support: Disabled
 NUMA Support: Disabled
 Compressed Oops: Enabled (Zero based)
 Heap Region Size: 2M
 Heap Min Capacity: 8M
 Heap Initial Capacity: 254M
 Heap Max Capacity: 4042M
 Pre-touch: Disabled
 Parallel Workers: 8
 Concurrent Workers: 2
 Concurrent Refinement Workers: 8
 Periodic GC: Disabled
Heap:
 garbage-first heap   total 319488K, used 95766K [0x0000000703600000, 0x0000000800000000)
  region size 2048K, 21 young (43008K), 3 survivors (6144K)
 Metaspace       used 77628K, committed 77888K, reserved 1179648K
  class space    used 8904K, committed 9024K, reserved 1048576K
GC Heap History (20 events):
Event: 2.130 GC heap before
{Heap before GC invocations=5 (full 0):
 garbage-first heap   total 40960K, used 27671K [0x0000000703600000, 0x0000000800000000)
  region size 2048K, 8 young (16384K), 2 survivors (4096K)
 Metaspace       used 34117K, committed 34368K, reserved 1114112K
  class space    used 4417K, committed 4544K, reserved 1048576K
}
Event: 2.137 GC heap after
{Heap after GC invocations=6 (full 0):
 garbage-first heap   total 40960K, used 17208K [0x0000000703600000, 0x0000000800000000)
  region size 2048K, 1 young (2048K), 1 survivors (2048K)
 Metaspace       used 34117K, committed 34368K, reserved 1114112K
  class space    used 4417K, committed 4544K, reserved 1048576K
}
Event: 2.245 GC heap before
{Heap before GC invocations=6 (full 0):
 garbage-first heap   total 40960K, used 23352K [0x0000000703600000, 0x0000000800000000)
  region size 2048K, 5 young (10240K), 1 survivors (2048K)
 Metaspace       used 35732K, committed 35968K, reserved 1114112K
  class space    used 4610K, committed 4736K, reserved 1048576K
}
Event: 2.249 GC heap after
{Heap after GC invocations=7 (full 0):
 garbage-first heap   total 40960K, used 16231K [0x0000000703600000, 0x0000000800000000)
  region size 2048K, 1 young (2048K), 1 survivors (2048K)
 Metaspace       used 35732K, committed 35968K, reserved 1114112K
  class space    used 4610K, committed 4736K, reserved 1048576K
}
Event: 2.435 GC heap before
{Heap before GC invocations=8 (full 0):
 garbage-first heap   total 40960K, used 28519K [0x0000000703600000, 0x0000000800000000)
  region size 2048K, 7 young (14336K), 1 survivors (2048K)
 Metaspace       used 38026K, committed 38272K, reserved 1114112K
  class space    used 4850K, committed 4928K, reserved 1048576K
}
Event: 2.439 GC heap after
{Heap after GC invocations=9 (full 0):
 garbage-first heap   total 40960K, used 17468K [0x0000000703600000, 0x0000000800000000)
  region size 2048K, 1 young (2048K), 1 survivors (2048K)
 Metaspace       used 38026K, committed 38272K, reserved 1114112K
  class space    used 4850K, committed 4928K, reserved 1048576K
}
Event: 2.463 GC heap before
{Heap before GC invocations=9 (full 0):
 garbage-first heap   total 40960K, used 19516K [0x0000000703600000, 0x0000000800000000)
  region size 2048K, 2 young (4096K), 1 survivors (2048K)
 Metaspace       used 38448K, committed 38656K, reserved 1114112K
  class space    used 4888K, committed 4992K, reserved 1048576K
}
Event: 2.469 GC heap after
{Heap after GC invocations=10 (full 0):
 garbage-first heap   total 151552K, used 17206K [0x0000000703600000, 0x0000000800000000)
  region size 2048K, 1 young (2048K), 1 survivors (2048K)
 Metaspace       used 38448K, committed 38656K, reserved 1114112K
  class space    used 4888K, committed 4992K, reserved 1048576K
}
Event: 3.760 GC heap before
{Heap before GC invocations=10 (full 0):
 garbage-first heap   total 151552K, used 107318K [0x0000000703600000, 0x0000000800000000)
  region size 2048K, 44 young (90112K), 1 survivors (2048K)
 Metaspace       used 50501K, committed 50752K, reserved 1114112K
  class space    used 6157K, committed 6272K, reserved 1048576K
}
Event: 3.780 GC heap after
{Heap after GC invocations=11 (full 0):
 garbage-first heap   total 151552K, used 28643K [0x0000000703600000, 0x0000000800000000)
  region size 2048K, 5 young (10240K), 5 survivors (10240K)
 Metaspace       used 50501K, committed 50752K, reserved 1114112K
  class space    used 6157K, committed 6272K, reserved 1048576K
}
Event: 5.027 GC heap before
{Heap before GC invocations=11 (full 0):
 garbage-first heap   total 151552K, used 102371K [0x0000000703600000, 0x0000000800000000)
  region size 2048K, 41 young (83968K), 5 survivors (10240K)
 Metaspace       used 56204K, committed 56512K, reserved 1114112K
  class space    used 6677K, committed 6784K, reserved 1048576K
}
Event: 5.042 GC heap after
{Heap after GC invocations=12 (full 0):
 garbage-first heap   total 151552K, used 40230K [0x0000000703600000, 0x0000000800000000)
  region size 2048K, 6 young (12288K), 6 survivors (12288K)
 Metaspace       used 56204K, committed 56512K, reserved 1114112K
  class space    used 6677K, committed 6784K, reserved 1048576K
}
Event: 5.692 GC heap before
{Heap before GC invocations=12 (full 0):
 garbage-first heap   total 151552K, used 89382K [0x0000000703600000, 0x0000000800000000)
  region size 2048K, 31 young (63488K), 6 survivors (12288K)
 Metaspace       used 59885K, committed 60160K, reserved 1114112K
  class space    used 7169K, committed 7296K, reserved 1048576K
}
Event: 5.707 GC heap after
{Heap after GC invocations=13 (full 0):
 garbage-first heap   total 151552K, used 46215K [0x0000000703600000, 0x0000000800000000)
  region size 2048K, 3 young (6144K), 3 survivors (6144K)
 Metaspace       used 59885K, committed 60160K, reserved 1114112K
  class space    used 7169K, committed 7296K, reserved 1048576K
}
Event: 8.179 GC heap before
{Heap before GC invocations=14 (full 0):
 garbage-first heap   total 151552K, used 107655K [0x0000000703600000, 0x0000000800000000)
  region size 2048K, 33 young (67584K), 3 survivors (6144K)
 Metaspace       used 65613K, committed 65920K, reserved 1114112K
  class space    used 7713K, committed 7872K, reserved 1048576K
}
Event: 8.200 GC heap after
{Heap after GC invocations=15 (full 0):
 garbage-first heap   total 151552K, used 55263K [0x0000000703600000, 0x0000000800000000)
  region size 2048K, 5 young (10240K), 5 survivors (10240K)
 Metaspace       used 65613K, committed 65920K, reserved 1114112K
  class space    used 7713K, committed 7872K, reserved 1048576K
}
Event: 8.280 GC heap before
{Heap before GC invocations=15 (full 0):
 garbage-first heap   total 151552K, used 57311K [0x0000000703600000, 0x0000000800000000)
  region size 2048K, 6 young (12288K), 5 survivors (10240K)
 Metaspace       used 65703K, committed 65984K, reserved 1114112K
  class space    used 7716K, committed 7872K, reserved 1048576K
}
Event: 8.320 GC heap after
{Heap after GC invocations=16 (full 0):
 garbage-first heap   total 151552K, used 57118K [0x0000000703600000, 0x0000000800000000)
  region size 2048K, 1 young (2048K), 1 survivors (2048K)
 Metaspace       used 65703K, committed 65984K, reserved 1114112K
  class space    used 7716K, committed 7872K, reserved 1048576K
}
Event: 10.181 GC heap before
{Heap before GC invocations=16 (full 0):
 garbage-first heap   total 151552K, used 112414K [0x0000000703600000, 0x0000000800000000)
  region size 2048K, 28 young (57344K), 1 survivors (2048K)
 Metaspace       used 72862K, committed 73152K, reserved 1114112K
  class space    used 8435K, committed 8576K, reserved 1048576K
}
Event: 10.193 GC heap after
{Heap after GC invocations=17 (full 0):
 garbage-first heap   total 319488K, used 60950K [0x0000000703600000, 0x0000000800000000)
  region size 2048K, 3 young (6144K), 3 survivors (6144K)
 Metaspace       used 72862K, committed 73152K, reserved 1114112K
  class space    used 8435K, committed 8576K, reserved 1048576K
}

